<?xml version="1.0" encoding="UTF-8"?>
<testng-results ignored="0" total="3" passed="3" failed="0" skipped="0">
  <reporter-output>
  </reporter-output>
  <suite started-at="2022-11-11T15:17:43 IST" name="testcases" finished-at="2022-11-11T15:17:43 IST" duration-ms="280">
    <groups>
    </groups>
    <test started-at="2022-11-11T15:17:43 IST" name="Users" finished-at="2022-11-11T15:17:43 IST" duration-ms="280">
      <class name="com.sgtesting.testcases.Users">
        <test-method is-config="true" signature="setUp()[pri:0, instance:com.sgtesting.testcases.Users@59505b48]" started-at="2022-11-11T15:17:43 IST" name="setUp" finished-at="2022-11-11T15:17:43 IST" duration-ms="63" status="PASS">
          <reporter-output>
          </reporter-output>
        </test-method> <!-- setUp -->
        <test-method signature="createUser()[pri:0, instance:com.sgtesting.testcases.Users@59505b48]" started-at="2022-11-11T15:17:43 IST" name="createUser" finished-at="2022-11-11T15:17:43 IST" duration-ms="37" status="PASS">
          <reporter-output>
          </reporter-output>
        </test-method> <!-- createUser -->
        <test-method signature="deleteUser()[pri:0, instance:com.sgtesting.testcases.Users@59505b48]" started-at="2022-11-11T15:17:43 IST" name="deleteUser" finished-at="2022-11-11T15:17:43 IST" duration-ms="9" status="PASS">
          <reporter-output>
          </reporter-output>
        </test-method> <!-- deleteUser -->
        <test-method signature="modifyUser()[pri:0, instance:com.sgtesting.testcases.Users@59505b48]" started-at="2022-11-11T15:17:43 IST" name="modifyUser" finished-at="2022-11-11T15:17:43 IST" duration-ms="4" status="PASS">
          <reporter-output>
          </reporter-output>
        </test-method> <!-- modifyUser -->
        <test-method is-config="true" signature="tearDown()[pri:0, instance:com.sgtesting.testcases.Users@59505b48]" started-at="2022-11-11T15:17:43 IST" name="tearDown" finished-at="2022-11-11T15:17:43 IST" duration-ms="5" status="PASS">
          <reporter-output>
          </reporter-output>
        </test-method> <!-- tearDown -->
      </class> <!-- com.sgtesting.testcases.Users -->
    </test> <!-- Users -->
  </suite> <!-- testcases -->
</testng-results>
