<?xml version="1.0" encoding="UTF-8"?>
<testng-results skipped="0" failed="0" ignored="0" total="6" passed="6">
  <reporter-output>
  </reporter-output>
  <suite name="testcases" duration-ms="38438" started-at="2023-04-10T15:40:33 IST" finished-at="2023-04-10T15:41:11 IST">
    <groups>
    </groups>
    <test name="Users" duration-ms="38438" started-at="2023-04-10T15:40:33 IST" finished-at="2023-04-10T15:41:11 IST">
      <class name="com.sgtesting.testngscenario.LoginLogoutDemo">
        <test-method status="PASS" signature="launchBrowser()[pri:1, instance:com.sgtesting.testngscenario.LoginLogoutDemo@6950e31]" name="launchBrowser" duration-ms="21130" started-at="2023-04-10T15:40:33 IST" finished-at="2023-04-10T15:40:54 IST">
          <reporter-output>
          </reporter-output>
        </test-method> <!-- launchBrowser -->
        <test-method status="PASS" signature="navigate()[pri:2, instance:com.sgtesting.testngscenario.LoginLogoutDemo@6950e31]" name="navigate" duration-ms="6076" started-at="2023-04-10T15:40:54 IST" finished-at="2023-04-10T15:41:00 IST">
          <reporter-output>
          </reporter-output>
        </test-method> <!-- navigate -->
        <test-method status="PASS" signature="login(java.lang.String,java.lang.String)[pri:3, instance:com.sgtesting.testngscenario.LoginLogoutDemo@6950e31]" name="login" duration-ms="5409" started-at="2023-04-10T15:41:00 IST" data-provider="login" finished-at="2023-04-10T15:41:05 IST">
          <params>
            <param index="0">
              <value>
                <![CDATA[admin]]>
              </value>
            </param>
            <param index="1">
              <value>
                <![CDATA[manager]]>
              </value>
            </param>
          </params>
          <reporter-output>
          </reporter-output>
        </test-method> <!-- login -->
        <test-method status="PASS" signature="minimizeFlyOutwindow()[pri:4, instance:com.sgtesting.testngscenario.LoginLogoutDemo@6950e31]" name="minimizeFlyOutwindow" duration-ms="2145" started-at="2023-04-10T15:41:05 IST" finished-at="2023-04-10T15:41:08 IST">
          <reporter-output>
          </reporter-output>
        </test-method> <!-- minimizeFlyOutwindow -->
        <test-method status="PASS" signature="logout()[pri:5, instance:com.sgtesting.testngscenario.LoginLogoutDemo@6950e31]" name="logout" duration-ms="2567" started-at="2023-04-10T15:41:08 IST" finished-at="2023-04-10T15:41:10 IST">
          <reporter-output>
          </reporter-output>
        </test-method> <!-- logout -->
        <test-method status="PASS" signature="closeApp()[pri:6, instance:com.sgtesting.testngscenario.LoginLogoutDemo@6950e31]" name="closeApp" duration-ms="1032" started-at="2023-04-10T15:41:10 IST" finished-at="2023-04-10T15:41:11 IST">
          <reporter-output>
          </reporter-output>
        </test-method> <!-- closeApp -->
      </class> <!-- com.sgtesting.testngscenario.LoginLogoutDemo -->
    </test> <!-- Users -->
  </suite> <!-- testcases -->
</testng-results>
