<?xml version="1.0" encoding="UTF-8"?>
<!-- Generated by org.testng.reporters.JUnitXMLReporter -->
<testsuite hostname="NIKHIL" ignored="0" name="Default test" tests="8" failures="0" timestamp="2023-01-01T01:34:41 IST" time="47.144" errors="0">
  <testcase name="launchBrowser" time="3.31" classname="com.sgtesting.TestNgScenarioAssignments.Assignment1Actime"/>
  <testcase name="Navigate" time="2.467" classname="com.sgtesting.TestNgScenarioAssignments.Assignment1Actime"/>
  <testcase name="login" time="3.23" classname="com.sgtesting.TestNgScenarioAssignments.Assignment1Actime"/>
  <testcase name="minimize" time="3.045" classname="com.sgtesting.TestNgScenarioAssignments.Assignment1Actime"/>
  <testcase name="User" time="8.307" classname="com.sgtesting.TestNgScenarioAssignments.Assignment1Actime"/>
  <testcase name="deleteUser" time="6.204" classname="com.sgtesting.TestNgScenarioAssignments.Assignment1Actime"/>
  <testcase name="logout" time="2.222" classname="com.sgtesting.TestNgScenarioAssignments.Assignment1Actime"/>
  <testcase name="close" time="18.303" classname="com.sgtesting.TestNgScenarioAssignments.Assignment1Actime"/>
</testsuite> <!-- Default test -->
