<?xml version="1.0" encoding="UTF-8"?>
<testng-results skipped="0" failed="0" ignored="0" total="3" passed="3">
  <reporter-output>
  </reporter-output>
  <suite name="Users and Products" duration-ms="65" started-at="2023-04-02T01:34:11 IST" finished-at="2023-04-02T01:34:11 IST">
    <groups>
    </groups>
    <test name="Test cases" duration-ms="65" started-at="2023-04-02T01:34:11 IST" finished-at="2023-04-02T01:34:11 IST">
      <class name="com.sgtesting.users.Users">
        <test-method status="PASS" signature="setUp()[pri:0, instance:com.sgtesting.users.Users@66d1af89]" name="setUp" is-config="true" duration-ms="11" started-at="2023-04-02T01:34:11 IST" finished-at="2023-04-02T01:34:11 IST">
          <reporter-output>
          </reporter-output>
        </test-method> <!-- setUp -->
        <test-method status="PASS" signature="createUser()[pri:0, instance:com.sgtesting.users.Users@66d1af89]" name="createUser" duration-ms="6" started-at="2023-04-02T01:34:11 IST" finished-at="2023-04-02T01:34:11 IST">
          <reporter-output>
          </reporter-output>
        </test-method> <!-- createUser -->
        <test-method status="PASS" signature="deleteUser()[pri:0, instance:com.sgtesting.users.Users@66d1af89]" name="deleteUser" duration-ms="2" started-at="2023-04-02T01:34:11 IST" finished-at="2023-04-02T01:34:11 IST">
          <reporter-output>
          </reporter-output>
        </test-method> <!-- deleteUser -->
        <test-method status="PASS" signature="modifyUser()[pri:0, instance:com.sgtesting.users.Users@66d1af89]" name="modifyUser" duration-ms="1" started-at="2023-04-02T01:34:11 IST" finished-at="2023-04-02T01:34:11 IST">
          <reporter-output>
          </reporter-output>
        </test-method> <!-- modifyUser -->
        <test-method status="PASS" signature="tearDown()[pri:0, instance:com.sgtesting.users.Users@66d1af89]" name="tearDown" is-config="true" duration-ms="0" started-at="2023-04-02T01:34:11 IST" finished-at="2023-04-02T01:34:11 IST">
          <reporter-output>
          </reporter-output>
        </test-method> <!-- tearDown -->
      </class> <!-- com.sgtesting.users.Users -->
    </test> <!-- Test cases -->
  </suite> <!-- Users and Products -->
</testng-results>
