<?xml version="1.0" encoding="UTF-8"?>
<testng-results skipped="0" failed="0" ignored="0" total="8" passed="8">
  <reporter-output>
  </reporter-output>
  <suite name="Default suite" duration-ms="47144" started-at="2023-01-01T01:33:54 IST" finished-at="2023-01-01T01:34:41 IST">
    <groups>
    </groups>
    <test name="Default test" duration-ms="47144" started-at="2023-01-01T01:33:54 IST" finished-at="2023-01-01T01:34:41 IST">
      <class name="com.sgtesting.TestNgScenarioAssignments.Assignment1Actime">
        <test-method status="PASS" signature="launchBrowser()[pri:1, instance:com.sgtesting.TestNgScenarioAssignments.Assignment1Actime@3ecd23d9]" name="launchBrowser" duration-ms="3310" started-at="2023-01-01T01:33:54 IST" finished-at="2023-01-01T01:33:57 IST">
          <reporter-output>
          </reporter-output>
        </test-method> <!-- launchBrowser -->
        <test-method status="PASS" signature="Navigate()[pri:2, instance:com.sgtesting.TestNgScenarioAssignments.Assignment1Actime@3ecd23d9]" name="Navigate" duration-ms="2467" started-at="2023-01-01T01:33:57 IST" finished-at="2023-01-01T01:34:00 IST">
          <reporter-output>
          </reporter-output>
        </test-method> <!-- Navigate -->
        <test-method status="PASS" signature="login(java.lang.String,java.lang.String)[pri:3, instance:com.sgtesting.TestNgScenarioAssignments.Assignment1Actime@3ecd23d9]" name="login" duration-ms="3230" started-at="2023-01-01T01:34:00 IST" data-provider="LoginData" finished-at="2023-01-01T01:34:03 IST">
          <params>
            <param index="0">
              <value>
                <![CDATA[admin]]>
              </value>
            </param>
            <param index="1">
              <value>
                <![CDATA[manager]]>
              </value>
            </param>
          </params>
          <reporter-output>
          </reporter-output>
        </test-method> <!-- login -->
        <test-method status="PASS" signature="minimize()[pri:4, instance:com.sgtesting.TestNgScenarioAssignments.Assignment1Actime@3ecd23d9]" name="minimize" duration-ms="3045" started-at="2023-01-01T01:34:03 IST" finished-at="2023-01-01T01:34:06 IST">
          <reporter-output>
          </reporter-output>
        </test-method> <!-- minimize -->
        <test-method status="PASS" signature="User(java.lang.String,java.lang.String,java.lang.String,java.lang.String,java.lang.String,java.lang.String,java.lang.String)[pri:5, instance:com.sgtesting.TestNgScenarioAssignments.Assignment1Actime@3ecd23d9]" name="User" duration-ms="8307" started-at="2023-01-01T01:34:06 IST" data-provider="UserLogin" finished-at="2023-01-01T01:34:14 IST">
          <params>
            <param index="0">
              <value>
                <![CDATA[UserDemo]]>
              </value>
            </param>
            <param index="1">
              <value>
                <![CDATA[M]]>
              </value>
            </param>
            <param index="2">
              <value>
                <![CDATA[1]]>
              </value>
            </param>
            <param index="3">
              <value>
                <![CDATA[UserDemo@gmail.com]]>
              </value>
            </param>
            <param index="4">
              <value>
                <![CDATA[User95]]>
              </value>
            </param>
            <param index="5">
              <value>
                <![CDATA[Demo1]]>
              </value>
            </param>
            <param index="6">
              <value>
                <![CDATA[Demo1]]>
              </value>
            </param>
          </params>
          <reporter-output>
          </reporter-output>
        </test-method> <!-- User -->
        <test-method status="PASS" signature="deleteUser()[pri:6, instance:com.sgtesting.TestNgScenarioAssignments.Assignment1Actime@3ecd23d9]" name="deleteUser" duration-ms="6204" started-at="2023-01-01T01:34:14 IST" finished-at="2023-01-01T01:34:21 IST">
          <reporter-output>
          </reporter-output>
        </test-method> <!-- deleteUser -->
        <test-method status="PASS" signature="logout()[pri:7, instance:com.sgtesting.TestNgScenarioAssignments.Assignment1Actime@3ecd23d9]" name="logout" duration-ms="2222" started-at="2023-01-01T01:34:21 IST" finished-at="2023-01-01T01:34:23 IST">
          <reporter-output>
          </reporter-output>
        </test-method> <!-- logout -->
        <test-method status="PASS" signature="close()[pri:8, instance:com.sgtesting.TestNgScenarioAssignments.Assignment1Actime@3ecd23d9]" name="close" duration-ms="18303" started-at="2023-01-01T01:34:23 IST" finished-at="2023-01-01T01:34:41 IST">
          <reporter-output>
          </reporter-output>
        </test-method> <!-- close -->
      </class> <!-- com.sgtesting.TestNgScenarioAssignments.Assignment1Actime -->
    </test> <!-- Default test -->
  </suite> <!-- Default suite -->
</testng-results>
