<?xml version="1.0" encoding="UTF-8"?>
<!-- Generated by org.testng.reporters.JUnitXMLReporter -->
<testsuite hostname="NIKHIL" ignored="0" name="Default test" tests="6" failures="0" timestamp="2023-04-01T17:41:02 IST" time="20.272" errors="0">
  <testcase name="launchBrowser" time="4.03" classname="com.sgtesting.testngscenario.LoginLogoutDemo"/>
  <testcase name="navigate" time="5.598" classname="com.sgtesting.testngscenario.LoginLogoutDemo"/>
  <testcase name="login" time="5.306" classname="com.sgtesting.testngscenario.LoginLogoutDemo"/>
  <testcase name="minimizeFlyOutwindow" time="2.126" classname="com.sgtesting.testngscenario.LoginLogoutDemo"/>
  <testcase name="logout" time="2.256" classname="com.sgtesting.testngscenario.LoginLogoutDemo"/>
  <testcase name="closeApp" time="0.892" classname="com.sgtesting.testngscenario.LoginLogoutDemo"/>
</testsuite> <!-- Default test -->
