<?xml version="1.0" encoding="UTF-8"?>
<!-- Generated by org.testng.reporters.JUnitXMLReporter -->
<testsuite hostname="NIKHIL" ignored="0" name="Test cases" tests="3" failures="0" timestamp="2023-04-02T01:34:11 IST" time="0.065" errors="0">
  <testcase name="createUser" time="0.006" classname="com.sgtesting.users.Users"/>
  <testcase name="deleteUser" time="0.002" classname="com.sgtesting.users.Users"/>
  <testcase name="modifyUser" time="0.001" classname="com.sgtesting.users.Users"/>
</testsuite> <!-- Test cases -->
