<?xml version="1.0" encoding="UTF-8"?>
<!-- Generated by org.testng.reporters.JUnitXMLReporter -->
<testsuite ignored="0" hostname="DESKTOP-GU8OJ5B" failures="0" tests="6" name="Test cases" time="0.168" errors="0" timestamp="2022-11-09T12:02:02 IST">
  <testcase classname="com.sgtesting.users.Users" name="createUser" time="0.009"/>
  <testcase classname="com.sgtesting.users.Users" name="deleteUser" time="0.005"/>
  <testcase classname="com.sgtesting.users.Users" name="modifyUser" time="0.004"/>
  <testcase classname="com.sgtesting.products.Products" name="createProduct" time="0.003"/>
  <testcase classname="com.sgtesting.products.Products" name="deleteProduct" time="0.008"/>
  <testcase classname="com.sgtesting.products.Products" name="modifyProduct" time="0.004"/>
</testsuite> <!-- Test cases -->
