<?xml version="1.0" encoding="UTF-8"?>
<!-- Generated by org.testng.reporters.JUnitXMLReporter -->
<testsuite hostname="NIKHIL" ignored="0" name="Default test" tests="8" failures="0" timestamp="2023-01-01T00:57:34 IST" time="47.65" errors="0">
  <testcase name="launchBrowser" time="3.778" classname="com.sgtesting.actitime.ScrnshotAssignment1Actime"/>
  <testcase name="Navigate" time="2.452" classname="com.sgtesting.actitime.ScrnshotAssignment1Actime"/>
  <testcase name="login" time="3.334" classname="com.sgtesting.actitime.ScrnshotAssignment1Actime"/>
  <testcase name="minimize" time="3.067" classname="com.sgtesting.actitime.ScrnshotAssignment1Actime"/>
  <testcase name="User" time="8.303" classname="com.sgtesting.actitime.ScrnshotAssignment1Actime"/>
  <testcase name="deleteUser" time="6.174" classname="com.sgtesting.actitime.ScrnshotAssignment1Actime"/>
  <testcase name="logout" time="2.209" classname="com.sgtesting.actitime.ScrnshotAssignment1Actime"/>
  <testcase name="close" time="18.277" classname="com.sgtesting.actitime.ScrnshotAssignment1Actime"/>
</testsuite> <!-- Default test -->
