<?xml version="1.0" encoding="UTF-8"?>
<!-- Generated by org.testng.reporters.JUnitXMLReporter -->
<testsuite ignored="0" hostname="DESKTOP-GU8OJ5B" failures="0" tests="3" name="Users" time="0.28" errors="0" timestamp="2022-11-11T15:17:43 IST">
  <testcase classname="com.sgtesting.testcases.Users" name="createUser" time="0.037"/>
  <testcase classname="com.sgtesting.testcases.Users" name="deleteUser" time="0.009"/>
  <testcase classname="com.sgtesting.testcases.Users" name="modifyUser" time="0.004"/>
</testsuite> <!-- Users -->
