<?xml version="1.0" encoding="UTF-8"?>
<!-- Generated by org.testng.reporters.JUnitXMLReporter -->
<testsuite hostname="NIKHIL" ignored="0" name="Users" tests="6" failures="0" timestamp="2023-04-10T15:41:11 IST" time="38.438" errors="0">
  <testcase name="launchBrowser" time="21.13" classname="com.sgtesting.testngscenario.LoginLogoutDemo"/>
  <testcase name="navigate" time="6.076" classname="com.sgtesting.testngscenario.LoginLogoutDemo"/>
  <testcase name="login" time="5.409" classname="com.sgtesting.testngscenario.LoginLogoutDemo"/>
  <testcase name="minimizeFlyOutwindow" time="2.145" classname="com.sgtesting.testngscenario.LoginLogoutDemo"/>
  <testcase name="logout" time="2.567" classname="com.sgtesting.testngscenario.LoginLogoutDemo"/>
  <testcase name="closeApp" time="1.032" classname="com.sgtesting.testngscenario.LoginLogoutDemo"/>
</testsuite> <!-- Users -->
