<?xml version="1.0" encoding="UTF-8"?>
<!-- Generated by org.testng.reporters.JUnitXMLReporter -->
<testsuite hostname="NIKHIL" ignored="0" name="Default test" tests="6" failures="0" timestamp="2023-01-01T00:49:07 IST" time="19.262" errors="0">
  <testcase name="launchBrowser" time="3.482" classname="com.sgtesting.testngscenario.LoginLogoutDemo"/>
  <testcase name="navigate" time="5.526" classname="com.sgtesting.testngscenario.LoginLogoutDemo"/>
  <testcase name="login" time="5.222" classname="com.sgtesting.testngscenario.LoginLogoutDemo"/>
  <testcase name="minimizeFlyOutwindow" time="2.082" classname="com.sgtesting.testngscenario.LoginLogoutDemo"/>
  <testcase name="logout" time="2.191" classname="com.sgtesting.testngscenario.LoginLogoutDemo"/>
  <testcase name="closeApp" time="0.708" classname="com.sgtesting.testngscenario.LoginLogoutDemo"/>
</testsuite> <!-- Default test -->
